<?xml version="1.0" encoding="UTF-8"?>
<!-- Generated by org.testng.reporters.JUnitReportReporter -->
<testsuite hostname="DESKTOP-BG83L86" failures="0" tests="1" name="testcases.SubjectTable" time="0.073" errors="0" timestamp="2023-12-22T12:03:55 IST" skipped="0">
  <testcase classname="testcases.SubjectTable" name="testColumnKeyOfColumn" time="0.073"/>
</testsuite> <!-- testcases.SubjectTable -->
