<?xml version="1.0" encoding="UTF-8"?>
<!-- Generated by org.testng.reporters.JUnitReportReporter -->
<testsuite hostname="DESKTOP-BG83L86" failures="0" tests="9" name="com.quiz_app.testcases.SubjectTableSchemaValidation" time="0.045" errors="0" timestamp="2023-12-22T17:11:41 IST" skipped="0">
  <testcase classname="com.quiz_app.testcases.SubjectTableSchemaValidation" name="testTableExist" time="0.005"/>
  <testcase classname="com.quiz_app.testcases.SubjectTableSchemaValidation" name="testTableNameConvention" time="0.004"/>
  <testcase classname="com.quiz_app.testcases.SubjectTableSchemaValidation" name="testColumnNameConvention" time="0.004"/>
  <testcase classname="com.quiz_app.testcases.SubjectTableSchemaValidation" name="testColumnExist" time="0.006"/>
  <testcase classname="com.quiz_app.testcases.SubjectTableSchemaValidation" name="testTotalNoOfColumnsInTable" time="0.004"/>
  <testcase classname="com.quiz_app.testcases.SubjectTableSchemaValidation" name="testDatatypeOfColumn" time="0.007"/>
  <testcase classname="com.quiz_app.testcases.SubjectTableSchemaValidation" name="testSizeOfColumn" time="0.005"/>
  <testcase classname="com.quiz_app.testcases.SubjectTableSchemaValidation" name="testNullFieldsOfColumn" time="0.005"/>
  <testcase classname="com.quiz_app.testcases.SubjectTableSchemaValidation" name="testColumnKeyOfColumn" time="0.005"/>
</testsuite> <!-- com.quiz_app.testcases.SubjectTableSchemaValidation -->
