<?xml version="1.0" encoding="UTF-8"?>
<!-- Generated by org.testng.reporters.JUnitReportReporter -->
<testsuite hostname="DESKTOP-BG83L86" failures="0" tests="9" name="com.quiz_app.testcases.QuestionTableSchemaValidation" time="0.127" errors="0" timestamp="2023-12-22T17:11:41 IST" skipped="0">
  <testcase classname="com.quiz_app.testcases.QuestionTableSchemaValidation" name="testTableExist" time="0.066"/>
  <testcase classname="com.quiz_app.testcases.QuestionTableSchemaValidation" name="testTableNameConvention" time="0.003"/>
  <testcase classname="com.quiz_app.testcases.QuestionTableSchemaValidation" name="testColumnNameConvention" time="0.007"/>
  <testcase classname="com.quiz_app.testcases.QuestionTableSchemaValidation" name="testColumnExist" time="0.012"/>
  <testcase classname="com.quiz_app.testcases.QuestionTableSchemaValidation" name="testTotalNoOfColumnsInTable" time="0.006"/>
  <testcase classname="com.quiz_app.testcases.QuestionTableSchemaValidation" name="testDatatypeOfColumn" time="0.006"/>
  <testcase classname="com.quiz_app.testcases.QuestionTableSchemaValidation" name="testSizeOfColumn" time="0.008"/>
  <testcase classname="com.quiz_app.testcases.QuestionTableSchemaValidation" name="testNullFieldsOfColumn" time="0.010"/>
  <testcase classname="com.quiz_app.testcases.QuestionTableSchemaValidation" name="testColumnKeyOfColumn" time="0.009"/>
</testsuite> <!-- com.quiz_app.testcases.QuestionTableSchemaValidation -->
